0 info it worked if it ends with ok
1 verbose cli [ '/usr/local/bin/node',
1 verbose cli   '/usr/local/bin/npm',
1 verbose cli   'start',
1 verbose cli   '/home/busx/Documents/exchange/app/' ]
2 info using npm@2.5.1
3 info using node@v0.12.0
4 verbose stack Error: ENOENT, open '/home/busx/Documents/goweb/package.json'
4 verbose stack     at Error (native)
5 verbose cwd /home/busx/Documents/goweb
6 error Linux 3.2.0-4-686-pae
7 error argv "/usr/local/bin/node" "/usr/local/bin/npm" "start" "/home/busx/Documents/exchange/app/"
8 error node v0.12.0
9 error npm  v2.5.1
10 error path /home/busx/Documents/goweb/package.json
11 error code ENOENT
12 error errno -2
13 error enoent ENOENT, open '/home/busx/Documents/goweb/package.json'
13 error enoent This is most likely not a problem with npm itself
13 error enoent and is related to npm not being able to find a file.
14 verbose exit [ -2, true ]
